{"contracts/ERC1155NFTMarket.sol":{"l":{"92":192,"93":192,"94":192,"118":89,"122":86,"126":83,"127":83,"134":80,"143":80,"159":9,"163":6,"164":6,"171":6,"172":6,"190":38,"194":35,"198":32,"199":32,"204":32,"212":32,"228":6,"232":3,"233":3,"237":3,"238":3,"251":24,"255":21,"259":18,"260":18,"261":18,"268":18,"269":18,"275":18,"276":18,"277":18,"278":3,"280":18,"293":41,"297":38,"301":35,"302":35,"303":35,"304":35,"310":35,"316":35,"317":35,"318":35,"325":35,"326":3,"329":35,"333":192,"334":192,"337":192},"path":"/home/thangn/nft-contracts/contracts/ERC1155NFTMarket.sol","s":{},"b":{"1":[192,0],"2":[192,0],"3":[86,3],"4":[83,3],"5":[6,3],"6":[35,3],"7":[32,3],"8":[3,3],"9":[21,3],"10":[18,3],"11":[3,15],"12":[38,3],"13":[35,3],"14":[3,32]},"f":{"1":192,"2":21,"3":89,"4":9,"5":38,"6":6,"7":24,"8":41,"9":192},"fnMap":{"1":{"name":"notContract","line":91,"loc":{"start":{"line":91,"column":4},"end":{"line":95,"column":4}}},"2":{"name":"constructor","line":101,"loc":{"start":{"line":97,"column":4},"end":{"line":101,"column":73}}},"3":{"name":"createAsk","line":117,"loc":{"start":{"line":111,"column":4},"end":{"line":152,"column":4}}},"4":{"name":"cancelAsk","line":158,"loc":{"start":{"line":158,"column":4},"end":{"line":173,"column":4}}},"5":{"name":"createOffer","line":189,"loc":{"start":{"line":183,"column":4},"end":{"line":221,"column":4}}},"6":{"name":"cancelOffer","line":227,"loc":{"start":{"line":227,"column":4},"end":{"line":239,"column":4}}},"7":{"name":"acceptOffer","line":249,"loc":{"start":{"line":246,"column":4},"end":{"line":281,"column":4}}},"8":{"name":"buy","line":291,"loc":{"start":{"line":288,"column":4},"end":{"line":330,"column":4}}},"9":{"name":"_isContract","line":332,"loc":{"start":{"line":332,"column":4},"end":{"line":338,"column":4}}}},"statementMap":{},"branchMap":{"1":{"line":92,"type":"if","locations":[{"start":{"line":92,"column":8},"end":{"line":92,"column":8}},{"start":{"line":92,"column":8},"end":{"line":92,"column":8}}]},"2":{"line":93,"type":"if","locations":[{"start":{"line":93,"column":8},"end":{"line":93,"column":8}},{"start":{"line":93,"column":8},"end":{"line":93,"column":8}}]},"3":{"line":118,"type":"if","locations":[{"start":{"line":118,"column":8},"end":{"line":118,"column":8}},{"start":{"line":118,"column":8},"end":{"line":118,"column":8}}]},"4":{"line":122,"type":"if","locations":[{"start":{"line":122,"column":8},"end":{"line":122,"column":8}},{"start":{"line":122,"column":8},"end":{"line":122,"column":8}}]},"5":{"line":159,"type":"if","locations":[{"start":{"line":159,"column":8},"end":{"line":159,"column":8}},{"start":{"line":159,"column":8},"end":{"line":159,"column":8}}]},"6":{"line":190,"type":"if","locations":[{"start":{"line":190,"column":8},"end":{"line":190,"column":8}},{"start":{"line":190,"column":8},"end":{"line":190,"column":8}}]},"7":{"line":194,"type":"if","locations":[{"start":{"line":194,"column":8},"end":{"line":194,"column":8}},{"start":{"line":194,"column":8},"end":{"line":194,"column":8}}]},"8":{"line":228,"type":"if","locations":[{"start":{"line":228,"column":8},"end":{"line":228,"column":8}},{"start":{"line":228,"column":8},"end":{"line":228,"column":8}}]},"9":{"line":251,"type":"if","locations":[{"start":{"line":251,"column":8},"end":{"line":251,"column":8}},{"start":{"line":251,"column":8},"end":{"line":251,"column":8}}]},"10":{"line":255,"type":"if","locations":[{"start":{"line":255,"column":8},"end":{"line":255,"column":8}},{"start":{"line":255,"column":8},"end":{"line":255,"column":8}}]},"11":{"line":277,"type":"if","locations":[{"start":{"line":277,"column":8},"end":{"line":277,"column":8}},{"start":{"line":277,"column":8},"end":{"line":277,"column":8}}]},"12":{"line":293,"type":"if","locations":[{"start":{"line":293,"column":8},"end":{"line":293,"column":8}},{"start":{"line":293,"column":8},"end":{"line":293,"column":8}}]},"13":{"line":297,"type":"if","locations":[{"start":{"line":297,"column":8},"end":{"line":297,"column":8}},{"start":{"line":297,"column":8},"end":{"line":297,"column":8}}]},"14":{"line":325,"type":"if","locations":[{"start":{"line":325,"column":8},"end":{"line":325,"column":8}},{"start":{"line":325,"column":8},"end":{"line":325,"column":8}}]}}},"contracts/ERC721NFTAuction.sol":{"l":{"74":196,"75":196,"76":196,"85":15,"105":88,"109":85,"113":82,"114":79,"122":79,"142":9,"146":6,"150":3,"151":3,"152":3,"168":108,"169":108,"173":105,"177":102,"182":99,"183":33,"191":66,"197":93,"202":90,"203":30,"205":60,"212":90,"213":30,"219":90,"220":90,"221":90,"230":22,"231":22,"235":19,"236":19,"242":19,"243":19,"244":19,"245":19,"256":196,"257":196,"260":196},"path":"/home/thangn/nft-contracts/contracts/ERC721NFTAuction.sol","s":{},"b":{"1":[196,0],"2":[196,0],"3":[85,3],"4":[82,3],"5":[6,3],"6":[3,3],"7":[105,3],"8":[102,3],"9":[99,3],"10":[33,66],"11":[30,3],"12":[63,3],"13":[90,3],"14":[30,60],"15":[30,60],"16":[19,3]},"f":{"1":196,"2":15,"3":88,"4":9,"5":108,"6":22,"7":196},"fnMap":{"1":{"name":"notContract","line":73,"loc":{"start":{"line":73,"column":4},"end":{"line":77,"column":4}}},"2":{"name":"constructor","line":84,"loc":{"start":{"line":79,"column":4},"end":{"line":86,"column":4}}},"3":{"name":"createAuction","line":104,"loc":{"start":{"line":97,"column":4},"end":{"line":131,"column":4}}},"4":{"name":"cancelAuction","line":140,"loc":{"start":{"line":138,"column":4},"end":{"line":153,"column":4}}},"5":{"name":"bid","line":167,"loc":{"start":{"line":162,"column":4},"end":{"line":222,"column":4}}},"6":{"name":"collect","line":229,"loc":{"start":{"line":229,"column":4},"end":{"line":253,"column":4}}},"7":{"name":"_isContract","line":255,"loc":{"start":{"line":255,"column":4},"end":{"line":261,"column":4}}}},"statementMap":{},"branchMap":{"1":{"line":74,"type":"if","locations":[{"start":{"line":74,"column":8},"end":{"line":74,"column":8}},{"start":{"line":74,"column":8},"end":{"line":74,"column":8}}]},"2":{"line":75,"type":"if","locations":[{"start":{"line":75,"column":8},"end":{"line":75,"column":8}},{"start":{"line":75,"column":8},"end":{"line":75,"column":8}}]},"3":{"line":105,"type":"if","locations":[{"start":{"line":105,"column":8},"end":{"line":105,"column":8}},{"start":{"line":105,"column":8},"end":{"line":105,"column":8}}]},"4":{"line":109,"type":"if","locations":[{"start":{"line":109,"column":8},"end":{"line":109,"column":8}},{"start":{"line":109,"column":8},"end":{"line":109,"column":8}}]},"5":{"line":142,"type":"if","locations":[{"start":{"line":142,"column":8},"end":{"line":142,"column":8}},{"start":{"line":142,"column":8},"end":{"line":142,"column":8}}]},"6":{"line":146,"type":"if","locations":[{"start":{"line":146,"column":8},"end":{"line":146,"column":8}},{"start":{"line":146,"column":8},"end":{"line":146,"column":8}}]},"7":{"line":169,"type":"if","locations":[{"start":{"line":169,"column":8},"end":{"line":169,"column":8}},{"start":{"line":169,"column":8},"end":{"line":169,"column":8}}]},"8":{"line":173,"type":"if","locations":[{"start":{"line":173,"column":8},"end":{"line":173,"column":8}},{"start":{"line":173,"column":8},"end":{"line":173,"column":8}}]},"9":{"line":177,"type":"if","locations":[{"start":{"line":177,"column":8},"end":{"line":177,"column":8}},{"start":{"line":177,"column":8},"end":{"line":177,"column":8}}]},"10":{"line":182,"type":"if","locations":[{"start":{"line":182,"column":8},"end":{"line":182,"column":8}},{"start":{"line":182,"column":8},"end":{"line":182,"column":8}}]},"11":{"line":183,"type":"if","locations":[{"start":{"line":183,"column":12},"end":{"line":183,"column":12}},{"start":{"line":183,"column":12},"end":{"line":183,"column":12}}]},"12":{"line":191,"type":"if","locations":[{"start":{"line":191,"column":12},"end":{"line":191,"column":12}},{"start":{"line":191,"column":12},"end":{"line":191,"column":12}}]},"13":{"line":197,"type":"if","locations":[{"start":{"line":197,"column":8},"end":{"line":197,"column":8}},{"start":{"line":197,"column":8},"end":{"line":197,"column":8}}]},"14":{"line":202,"type":"if","locations":[{"start":{"line":202,"column":8},"end":{"line":202,"column":8}},{"start":{"line":202,"column":8},"end":{"line":202,"column":8}}]},"15":{"line":212,"type":"if","locations":[{"start":{"line":212,"column":8},"end":{"line":212,"column":8}},{"start":{"line":212,"column":8},"end":{"line":212,"column":8}}]},"16":{"line":231,"type":"if","locations":[{"start":{"line":231,"column":8},"end":{"line":231,"column":8}},{"start":{"line":231,"column":8},"end":{"line":231,"column":8}}]}}},"contracts/ERC721NFTBundle.sol":{"l":{"26":3,"27":3,"28":6,"29":6,"35":6,"39":3,"40":3,"41":3,"45":6,"49":3,"50":6,"55":6,"62":3,"63":3,"71":2},"path":"/home/thangn/nft-contracts/contracts/ERC721NFTBundle.sol","s":{},"b":{"1":[3,3]},"f":{"1":3,"2":3,"3":6,"4":2},"fnMap":{"1":{"name":"constructor","line":23,"loc":{"start":{"line":23,"column":4},"end":{"line":23,"column":57}}},"2":{"name":"createBundle","line":25,"loc":{"start":{"line":25,"column":4},"end":{"line":42,"column":4}}},"3":{"name":"removeBundle","line":44,"loc":{"start":{"line":44,"column":4},"end":{"line":64,"column":4}}},"4":{"name":"getBundle","line":66,"loc":{"start":{"line":66,"column":4},"end":{"line":72,"column":4}}}},"statementMap":{},"branchMap":{"1":{"line":45,"type":"if","locations":[{"start":{"line":45,"column":8},"end":{"line":45,"column":8}},{"start":{"line":45,"column":8},"end":{"line":45,"column":8}}]}}},"contracts/Erc721NFTFeeDistributor.sol":{"l":{"28":87,"29":87,"30":87,"34":0,"38":0,"42":0,"46":0,"50":3,"51":0,"60":232,"61":232,"63":232,"64":232,"65":232,"66":232,"69":232,"70":0,"74":232,"75":232,"76":232,"77":232,"78":232,"79":32,"80":32,"81":32,"82":0,"84":32,"85":32,"86":32,"89":232},"path":"/home/thangn/nft-contracts/contracts/Erc721NFTFeeDistributor.sol","s":{},"b":{"1":[0,0],"2":[0,0],"3":[0,3],"4":[232,0],"5":[0,232],"6":[32,0],"7":[0,32]},"f":{"1":87,"2":0,"3":0,"4":3,"5":232},"fnMap":{"1":{"name":"constructor","line":23,"loc":{"start":{"line":23,"column":4},"end":{"line":31,"column":4}}},"2":{"name":"setFeeProvider","line":33,"loc":{"start":{"line":33,"column":4},"end":{"line":39,"column":4}}},"3":{"name":"setProtocolFeeRecipient","line":41,"loc":{"start":{"line":41,"column":4},"end":{"line":47,"column":4}}},"4":{"name":"setProtocolFeePercent","line":49,"loc":{"start":{"line":49,"column":4},"end":{"line":52,"column":4}}},"5":{"name":"_distributeFees","line":54,"loc":{"start":{"line":54,"column":4},"end":{"line":90,"column":4}}}},"statementMap":{},"branchMap":{"1":{"line":34,"type":"if","locations":[{"start":{"line":34,"column":8},"end":{"line":34,"column":8}},{"start":{"line":34,"column":8},"end":{"line":34,"column":8}}]},"2":{"line":42,"type":"if","locations":[{"start":{"line":42,"column":8},"end":{"line":42,"column":8}},{"start":{"line":42,"column":8},"end":{"line":42,"column":8}}]},"3":{"line":50,"type":"if","locations":[{"start":{"line":50,"column":8},"end":{"line":50,"column":8}},{"start":{"line":50,"column":8},"end":{"line":50,"column":8}}]},"4":{"line":63,"type":"if","locations":[{"start":{"line":63,"column":8},"end":{"line":63,"column":8}},{"start":{"line":63,"column":8},"end":{"line":63,"column":8}}]},"5":{"line":69,"type":"if","locations":[{"start":{"line":69,"column":8},"end":{"line":69,"column":8}},{"start":{"line":69,"column":8},"end":{"line":69,"column":8}}]},"6":{"line":79,"type":"if","locations":[{"start":{"line":79,"column":12},"end":{"line":79,"column":12}},{"start":{"line":79,"column":12},"end":{"line":79,"column":12}}]},"7":{"line":81,"type":"if","locations":[{"start":{"line":81,"column":16},"end":{"line":81,"column":16}},{"start":{"line":81,"column":16},"end":{"line":81,"column":16}}]}}},"contracts/ERC721NFTLaunchPad.sol":{"l":{"50":9,"51":9,"52":9,"53":9,"69":6,"85":71,"89":68,"90":62,"91":62,"92":62,"93":62,"94":62,"99":62,"103":68,"104":68,"107":68,"108":68,"112":65},"path":"/home/thangn/nft-contracts/contracts/ERC721NFTLaunchPad.sol","s":{},"b":{"1":[68,3],"2":[65,3],"3":[62,3]},"f":{"1":9,"2":6,"3":71,"4":68},"fnMap":{"1":{"name":"constructor","line":44,"loc":{"start":{"line":44,"column":4},"end":{"line":54,"column":4}}},"2":{"name":"addLaunch","line":68,"loc":{"start":{"line":63,"column":4},"end":{"line":78,"column":4}}},"3":{"name":"buy","line":84,"loc":{"start":{"line":84,"column":4},"end":{"line":100,"column":4}}},"4":{"name":"_checkLimit","line":102,"loc":{"start":{"line":102,"column":4},"end":{"line":116,"column":4}}}},"statementMap":{},"branchMap":{"1":{"line":85,"type":"if","locations":[{"start":{"line":85,"column":8},"end":{"line":85,"column":8}},{"start":{"line":85,"column":8},"end":{"line":85,"column":8}}]},"2":{"line":108,"type":"if","locations":[{"start":{"line":108,"column":8},"end":{"line":108,"column":8}},{"start":{"line":108,"column":8},"end":{"line":108,"column":8}}]},"3":{"line":112,"type":"if","locations":[{"start":{"line":112,"column":8},"end":{"line":112,"column":8}},{"start":{"line":112,"column":8},"end":{"line":112,"column":8}}]}}},"contracts/ERC721NFTMarket.sol":{"l":{"91":222,"92":222,"93":222,"102":30,"119":66,"120":63,"121":60,"126":60,"136":6,"140":3,"141":3,"142":3,"158":28,"160":25,"165":25,"174":41,"176":41,"177":38,"179":32,"180":32,"181":32,"182":32,"183":32,"184":32,"206":19,"207":16,"208":16,"226":62,"227":62,"228":59,"229":56,"230":56,"231":3,"233":53,"234":53,"237":50,"238":50,"239":50,"241":50,"242":50,"243":50,"260":95,"265":95,"274":109,"275":106,"277":17,"279":106,"283":106,"292":14,"293":14,"297":6,"301":23,"302":23,"303":20,"304":20,"305":20,"309":222,"310":222,"313":222},"path":"/home/thangn/nft-contracts/contracts/ERC721NFTMarket.sol","s":{},"b":{"1":[222,0],"2":[222,0],"3":[63,3],"4":[3,3],"5":[25,3],"6":[38,3],"7":[32,6],"8":[16,3],"9":[59,3],"10":[56,3],"11":[3,53],"12":[106,3],"13":[17,89],"14":[20,3]},"f":{"1":222,"2":30,"3":66,"4":6,"5":28,"6":41,"7":19,"8":62,"9":95,"10":109,"11":14,"12":6,"13":23,"14":222},"fnMap":{"1":{"name":"notContract","line":90,"loc":{"start":{"line":90,"column":4},"end":{"line":94,"column":4}}},"2":{"name":"constructor","line":101,"loc":{"start":{"line":96,"column":4},"end":{"line":103,"column":4}}},"3":{"name":"createAsk","line":117,"loc":{"start":{"line":112,"column":4},"end":{"line":127,"column":4}}},"4":{"name":"cancelAsk","line":134,"loc":{"start":{"line":134,"column":4},"end":{"line":143,"column":4}}},"5":{"name":"buy","line":157,"loc":{"start":{"line":152,"column":4},"end":{"line":166,"column":4}}},"6":{"name":"_buy","line":168,"loc":{"start":{"line":168,"column":4},"end":{"line":193,"column":4}}},"7":{"name":"buyUsingEth","line":204,"loc":{"start":{"line":200,"column":4},"end":{"line":209,"column":4}}},"8":{"name":"acceptBid","line":225,"loc":{"start":{"line":219,"column":4},"end":{"line":252,"column":4}}},"9":{"name":"createBid","line":259,"loc":{"start":{"line":254,"column":4},"end":{"line":266,"column":4}}},"10":{"name":"_createBid","line":268,"loc":{"start":{"line":268,"column":4},"end":{"line":284,"column":4}}},"11":{"name":"createBidUsingEth","line":290,"loc":{"start":{"line":286,"column":4},"end":{"line":294,"column":4}}},"12":{"name":"cancelBid","line":296,"loc":{"start":{"line":296,"column":4},"end":{"line":298,"column":4}}},"13":{"name":"_cancelBid","line":300,"loc":{"start":{"line":300,"column":4},"end":{"line":306,"column":4}}},"14":{"name":"_isContract","line":308,"loc":{"start":{"line":308,"column":4},"end":{"line":314,"column":4}}}},"statementMap":{},"branchMap":{"1":{"line":91,"type":"if","locations":[{"start":{"line":91,"column":8},"end":{"line":91,"column":8}},{"start":{"line":91,"column":8},"end":{"line":91,"column":8}}]},"2":{"line":92,"type":"if","locations":[{"start":{"line":92,"column":8},"end":{"line":92,"column":8}},{"start":{"line":92,"column":8},"end":{"line":92,"column":8}}]},"3":{"line":119,"type":"if","locations":[{"start":{"line":119,"column":8},"end":{"line":119,"column":8}},{"start":{"line":119,"column":8},"end":{"line":119,"column":8}}]},"4":{"line":136,"type":"if","locations":[{"start":{"line":136,"column":8},"end":{"line":136,"column":8}},{"start":{"line":136,"column":8},"end":{"line":136,"column":8}}]},"5":{"line":158,"type":"if","locations":[{"start":{"line":158,"column":8},"end":{"line":158,"column":8}},{"start":{"line":158,"column":8},"end":{"line":158,"column":8}}]},"6":{"line":176,"type":"if","locations":[{"start":{"line":176,"column":8},"end":{"line":176,"column":8}},{"start":{"line":176,"column":8},"end":{"line":176,"column":8}}]},"7":{"line":177,"type":"if","locations":[{"start":{"line":177,"column":8},"end":{"line":177,"column":8}},{"start":{"line":177,"column":8},"end":{"line":177,"column":8}}]},"8":{"line":206,"type":"if","locations":[{"start":{"line":206,"column":8},"end":{"line":206,"column":8}},{"start":{"line":206,"column":8},"end":{"line":206,"column":8}}]},"9":{"line":227,"type":"if","locations":[{"start":{"line":227,"column":8},"end":{"line":227,"column":8}},{"start":{"line":227,"column":8},"end":{"line":227,"column":8}}]},"10":{"line":228,"type":"if","locations":[{"start":{"line":228,"column":8},"end":{"line":228,"column":8}},{"start":{"line":228,"column":8},"end":{"line":228,"column":8}}]},"11":{"line":230,"type":"if","locations":[{"start":{"line":230,"column":8},"end":{"line":230,"column":8}},{"start":{"line":230,"column":8},"end":{"line":230,"column":8}}]},"12":{"line":274,"type":"if","locations":[{"start":{"line":274,"column":8},"end":{"line":274,"column":8}},{"start":{"line":274,"column":8},"end":{"line":274,"column":8}}]},"13":{"line":275,"type":"if","locations":[{"start":{"line":275,"column":8},"end":{"line":275,"column":8}},{"start":{"line":275,"column":8},"end":{"line":275,"column":8}}]},"14":{"line":302,"type":"if","locations":[{"start":{"line":302,"column":8},"end":{"line":302,"column":8}},{"start":{"line":302,"column":8},"end":{"line":302,"column":8}}]}}},"contracts/ERC721NFTRent.sol":{"l":{"81":199,"82":199,"83":199,"105":75,"106":75,"113":75,"117":12,"121":9,"125":6,"126":6,"127":6,"145":61,"146":61,"147":58,"151":55,"155":52,"159":49,"163":46,"164":46,"165":46,"167":46,"172":46,"173":46,"174":46,"175":46,"176":46,"177":46,"195":63,"199":60,"200":0,"202":60,"207":60,"208":60,"209":60,"214":60,"230":6,"234":6,"238":3,"239":3,"240":3,"241":3,"242":3,"243":3,"262":50,"263":50,"264":44,"268":41,"272":38,"276":35,"280":32,"281":32,"282":16,"288":16,"290":32,"291":32,"292":32,"293":32,"294":32,"295":32,"296":32,"297":32,"304":32,"308":199,"309":199,"312":199},"path":"/home/thangn/nft-contracts/contracts/ERC721NFTRent.sol","s":{},"b":{"1":[199,0],"2":[199,0],"3":[9,3],"4":[6,3],"5":[58,3],"6":[55,3],"7":[52,3],"8":[49,3],"9":[46,3],"10":[60,3],"11":[0,60],"12":[3,3],"13":[44,6],"14":[41,3],"15":[38,3],"16":[35,3],"17":[32,3],"18":[16,16]},"f":{"1":199,"2":21,"3":75,"4":12,"5":61,"6":63,"7":6,"8":6,"9":50,"10":199},"fnMap":{"1":{"name":"notContract","line":80,"loc":{"start":{"line":80,"column":4},"end":{"line":84,"column":4}}},"2":{"name":"constructor","line":90,"loc":{"start":{"line":86,"column":4},"end":{"line":90,"column":73}}},"3":{"name":"lend","line":104,"loc":{"start":{"line":99,"column":4},"end":{"line":114,"column":4}}},"4":{"name":"cancelLend","line":116,"loc":{"start":{"line":116,"column":4},"end":{"line":128,"column":4}}},"5":{"name":"rent","line":144,"loc":{"start":{"line":138,"column":4},"end":{"line":178,"column":4}}},"6":{"name":"createOffer","line":194,"loc":{"start":{"line":188,"column":4},"end":{"line":222,"column":4}}},"7":{"name":"cancelOffer","line":229,"loc":{"start":{"line":229,"column":4},"end":{"line":231,"column":4}}},"8":{"name":"_cancelOffer","line":233,"loc":{"start":{"line":233,"column":4},"end":{"line":244,"column":4}}},"9":{"name":"acceptOffer","line":261,"loc":{"start":{"line":254,"column":4},"end":{"line":305,"column":4}}},"10":{"name":"_isContract","line":307,"loc":{"start":{"line":307,"column":4},"end":{"line":313,"column":4}}}},"statementMap":{},"branchMap":{"1":{"line":81,"type":"if","locations":[{"start":{"line":81,"column":8},"end":{"line":81,"column":8}},{"start":{"line":81,"column":8},"end":{"line":81,"column":8}}]},"2":{"line":82,"type":"if","locations":[{"start":{"line":82,"column":8},"end":{"line":82,"column":8}},{"start":{"line":82,"column":8},"end":{"line":82,"column":8}}]},"3":{"line":117,"type":"if","locations":[{"start":{"line":117,"column":8},"end":{"line":117,"column":8}},{"start":{"line":117,"column":8},"end":{"line":117,"column":8}}]},"4":{"line":121,"type":"if","locations":[{"start":{"line":121,"column":8},"end":{"line":121,"column":8}},{"start":{"line":121,"column":8},"end":{"line":121,"column":8}}]},"5":{"line":146,"type":"if","locations":[{"start":{"line":146,"column":8},"end":{"line":146,"column":8}},{"start":{"line":146,"column":8},"end":{"line":146,"column":8}}]},"6":{"line":147,"type":"if","locations":[{"start":{"line":147,"column":8},"end":{"line":147,"column":8}},{"start":{"line":147,"column":8},"end":{"line":147,"column":8}}]},"7":{"line":151,"type":"if","locations":[{"start":{"line":151,"column":8},"end":{"line":151,"column":8}},{"start":{"line":151,"column":8},"end":{"line":151,"column":8}}]},"8":{"line":155,"type":"if","locations":[{"start":{"line":155,"column":8},"end":{"line":155,"column":8}},{"start":{"line":155,"column":8},"end":{"line":155,"column":8}}]},"9":{"line":159,"type":"if","locations":[{"start":{"line":159,"column":8},"end":{"line":159,"column":8}},{"start":{"line":159,"column":8},"end":{"line":159,"column":8}}]},"10":{"line":195,"type":"if","locations":[{"start":{"line":195,"column":8},"end":{"line":195,"column":8}},{"start":{"line":195,"column":8},"end":{"line":195,"column":8}}]},"11":{"line":199,"type":"if","locations":[{"start":{"line":199,"column":8},"end":{"line":199,"column":8}},{"start":{"line":199,"column":8},"end":{"line":199,"column":8}}]},"12":{"line":234,"type":"if","locations":[{"start":{"line":234,"column":8},"end":{"line":234,"column":8}},{"start":{"line":234,"column":8},"end":{"line":234,"column":8}}]},"13":{"line":263,"type":"if","locations":[{"start":{"line":263,"column":8},"end":{"line":263,"column":8}},{"start":{"line":263,"column":8},"end":{"line":263,"column":8}}]},"14":{"line":264,"type":"if","locations":[{"start":{"line":264,"column":8},"end":{"line":264,"column":8}},{"start":{"line":264,"column":8},"end":{"line":264,"column":8}}]},"15":{"line":268,"type":"if","locations":[{"start":{"line":268,"column":8},"end":{"line":268,"column":8}},{"start":{"line":268,"column":8},"end":{"line":268,"column":8}}]},"16":{"line":272,"type":"if","locations":[{"start":{"line":272,"column":8},"end":{"line":272,"column":8}},{"start":{"line":272,"column":8},"end":{"line":272,"column":8}}]},"17":{"line":276,"type":"if","locations":[{"start":{"line":276,"column":8},"end":{"line":276,"column":8}},{"start":{"line":276,"column":8},"end":{"line":276,"column":8}}]},"18":{"line":281,"type":"if","locations":[{"start":{"line":281,"column":8},"end":{"line":281,"column":8}},{"start":{"line":281,"column":8},"end":{"line":281,"column":8}}]}}},"contracts/ERC721NFTSingleBundle.sol":{"l":{"26":9,"37":9,"38":9,"39":15,"40":15,"42":9,"43":9,"44":9,"45":9,"54":9,"58":6,"59":6,"60":6,"61":3,"63":3,"70":12,"71":12,"72":9,"73":9,"74":9,"75":9,"80":9,"83":3,"92":12,"96":9,"97":12,"98":12,"100":6,"101":3,"103":3,"112":6,"116":3,"117":6,"118":6,"120":3,"121":3,"129":2,"130":2,"131":2,"132":4,"133":4,"135":2,"143":5},"path":"/home/thangn/nft-contracts/contracts/ERC721NFTSingleBundle.sol","s":{},"b":{"1":[6,3],"2":[9,3],"3":[9,3],"4":[9,3],"5":[3,3],"6":[3,3]},"f":{"1":9,"2":9,"3":9,"4":12,"5":12,"6":6,"7":2,"8":5},"fnMap":{"1":{"name":"constructor","line":25,"loc":{"start":{"line":21,"column":4},"end":{"line":27,"column":4}}},"2":{"name":"createBundle","line":33,"loc":{"start":{"line":33,"column":4},"end":{"line":46,"column":4}}},"3":{"name":"addItems","line":53,"loc":{"start":{"line":53,"column":4},"end":{"line":64,"column":4}}},"4":{"name":"_removeItem","line":66,"loc":{"start":{"line":66,"column":4},"end":{"line":84,"column":4}}},"5":{"name":"removeItems","line":91,"loc":{"start":{"line":91,"column":4},"end":{"line":105,"column":4}}},"6":{"name":"removeAllItems","line":111,"loc":{"start":{"line":111,"column":4},"end":{"line":122,"column":4}}},"7":{"name":"getBundleItems","line":124,"loc":{"start":{"line":124,"column":4},"end":{"line":136,"column":4}}},"8":{"name":"bundleItemLength","line":138,"loc":{"start":{"line":138,"column":4},"end":{"line":144,"column":4}}}},"statementMap":{},"branchMap":{"1":{"line":54,"type":"if","locations":[{"start":{"line":54,"column":8},"end":{"line":54,"column":8}},{"start":{"line":54,"column":8},"end":{"line":54,"column":8}}]},"2":{"line":71,"type":"if","locations":[{"start":{"line":71,"column":12},"end":{"line":71,"column":12}},{"start":{"line":71,"column":12},"end":{"line":71,"column":12}}]},"3":{"line":92,"type":"if","locations":[{"start":{"line":92,"column":8},"end":{"line":92,"column":8}},{"start":{"line":92,"column":8},"end":{"line":92,"column":8}}]},"4":{"line":98,"type":"if","locations":[{"start":{"line":98,"column":12},"end":{"line":98,"column":12}},{"start":{"line":98,"column":12},"end":{"line":98,"column":12}}]},"5":{"line":100,"type":"if","locations":[{"start":{"line":100,"column":8},"end":{"line":100,"column":8}},{"start":{"line":100,"column":8},"end":{"line":100,"column":8}}]},"6":{"line":112,"type":"if","locations":[{"start":{"line":112,"column":8},"end":{"line":112,"column":8}},{"start":{"line":112,"column":8},"end":{"line":112,"column":8}}]}}},"contracts/FeeProvider.sol":{"l":{"29":3,"30":3,"38":12,"39":12,"40":12,"41":12,"43":9,"44":9,"45":9,"53":235,"54":234,"56":1},"path":"/home/thangn/nft-contracts/contracts/FeeProvider.sol","s":{},"b":{"1":[9,3],"2":[9,0],"3":[234,1]},"f":{"1":3,"2":12,"3":235},"fnMap":{"1":{"name":"setProvider","line":28,"loc":{"start":{"line":28,"column":4},"end":{"line":31,"column":4}}},"2":{"name":"setRecipient","line":37,"loc":{"start":{"line":33,"column":4},"end":{"line":46,"column":4}}},"3":{"name":"getFees","line":48,"loc":{"start":{"line":48,"column":4},"end":{"line":57,"column":4}}}},"statementMap":{},"branchMap":{"1":{"line":41,"type":"if","locations":[{"start":{"line":41,"column":12},"end":{"line":41,"column":12}},{"start":{"line":41,"column":12},"end":{"line":41,"column":12}}]},"2":{"line":43,"type":"if","locations":[{"start":{"line":43,"column":8},"end":{"line":43,"column":8}},{"start":{"line":43,"column":8},"end":{"line":43,"column":8}}]},"3":{"line":53,"type":"if","locations":[{"start":{"line":53,"column":8},"end":{"line":53,"column":8}},{"start":{"line":53,"column":8},"end":{"line":53,"column":8}}]}}},"contracts/interfaces/IFeeProvider.sol":{"l":{},"path":"/home/thangn/nft-contracts/contracts/interfaces/IFeeProvider.sol","s":{},"b":{},"f":{},"fnMap":{},"statementMap":{},"branchMap":{}},"contracts/interfaces/IWETH.sol":{"l":{},"path":"/home/thangn/nft-contracts/contracts/interfaces/IWETH.sol","s":{},"b":{},"f":{},"fnMap":{},"statementMap":{},"branchMap":{}},"contracts/test/TestErc1155.sol":{"l":{"10":21},"path":"/home/thangn/nft-contracts/contracts/test/TestErc1155.sol","s":{},"b":{},"f":{"1":21,"2":21},"fnMap":{"1":{"name":"constructor","line":7,"loc":{"start":{"line":7,"column":4},"end":{"line":7,"column":41}}},"2":{"name":"mint","line":9,"loc":{"start":{"line":9,"column":4},"end":{"line":11,"column":4}}}},"statementMap":{},"branchMap":{}},"contracts/test/TestErc20.sol":{"l":{"12":156},"path":"/home/thangn/nft-contracts/contracts/test/TestErc20.sol","s":{},"b":{},"f":{"1":141,"2":156},"fnMap":{"1":{"name":"constructor","line":7,"loc":{"start":{"line":7,"column":2},"end":{"line":9,"column":2}}},"2":{"name":"mint","line":11,"loc":{"start":{"line":11,"column":2},"end":{"line":13,"column":2}}}},"statementMap":{},"branchMap":{}},"contracts/test/TestErc721.sol":{"l":{"11":99},"path":"/home/thangn/nft-contracts/contracts/test/TestErc721.sol","s":{},"b":{},"f":{"1":81,"2":99},"fnMap":{"1":{"name":"constructor","line":7,"loc":{"start":{"line":7,"column":4},"end":{"line":9,"column":2}}},"2":{"name":"mint","line":10,"loc":{"start":{"line":10,"column":4},"end":{"line":12,"column":4}}}},"statementMap":{},"branchMap":{}},"contracts/test/TestFeeProvider.sol":{"l":{"13":3,"14":3,"18":1},"path":"/home/thangn/nft-contracts/contracts/test/TestFeeProvider.sol","s":{},"b":{},"f":{"1":3,"2":1},"fnMap":{"1":{"name":"setRecipient","line":12,"loc":{"start":{"line":12,"column":4},"end":{"line":15,"column":4}}},"2":{"name":"getFees","line":17,"loc":{"start":{"line":17,"column":4},"end":{"line":19,"column":4}}}},"statementMap":{},"branchMap":{}},"contracts/test/TestLaunchPadMinter.sol":{"l":{"15":62,"16":62,"17":62},"path":"/home/thangn/nft-contracts/contracts/test/TestLaunchPadMinter.sol","s":{},"b":{},"f":{"1":9,"2":62},"fnMap":{"1":{"name":"constructor","line":11,"loc":{"start":{"line":11,"column":4},"end":{"line":13,"column":2}}},"2":{"name":"mint","line":14,"loc":{"start":{"line":14,"column":4},"end":{"line":18,"column":4}}}},"statementMap":{},"branchMap":{}},"contracts/test/TestStakePool.sol":{"l":{"7":68},"path":"/home/thangn/nft-contracts/contracts/test/TestStakePool.sol","s":{},"b":{},"f":{"1":68},"fnMap":{"1":{"name":"getUserCredit","line":6,"loc":{"start":{"line":6,"column":4},"end":{"line":8,"column":4}}}},"statementMap":{},"branchMap":{}},"contracts/test/TestWETH.sol":{"l":{"19":0,"23":60,"24":60,"28":0,"29":0,"30":0,"31":0,"35":0,"39":0,"40":0,"41":0,"45":77,"53":77,"55":77,"56":0,"57":0,"60":77,"61":77,"63":77,"65":77},"path":"/home/thangn/nft-contracts/contracts/test/TestWETH.sol","s":{},"b":{"1":[0,0],"2":[77,0],"3":[0,77],"4":[0,0]},"f":{"1":60,"2":0,"3":0,"4":0,"5":77,"6":77},"fnMap":{"1":{"name":"deposit","line":22,"loc":{"start":{"line":22,"column":4},"end":{"line":25,"column":4}}},"2":{"name":"withdraw","line":27,"loc":{"start":{"line":27,"column":4},"end":{"line":32,"column":4}}},"3":{"name":"totalSupply","line":34,"loc":{"start":{"line":34,"column":4},"end":{"line":36,"column":4}}},"4":{"name":"approve","line":38,"loc":{"start":{"line":38,"column":4},"end":{"line":42,"column":4}}},"5":{"name":"transfer","line":44,"loc":{"start":{"line":44,"column":4},"end":{"line":46,"column":4}}},"6":{"name":"transferFrom","line":48,"loc":{"start":{"line":48,"column":4},"end":{"line":66,"column":4}}}},"statementMap":{},"branchMap":{"1":{"line":28,"type":"if","locations":[{"start":{"line":28,"column":8},"end":{"line":28,"column":8}},{"start":{"line":28,"column":8},"end":{"line":28,"column":8}}]},"2":{"line":53,"type":"if","locations":[{"start":{"line":53,"column":8},"end":{"line":53,"column":8}},{"start":{"line":53,"column":8},"end":{"line":53,"column":8}}]},"3":{"line":55,"type":"if","locations":[{"start":{"line":55,"column":8},"end":{"line":55,"column":8}},{"start":{"line":55,"column":8},"end":{"line":55,"column":8}}]},"4":{"line":56,"type":"if","locations":[{"start":{"line":56,"column":12},"end":{"line":56,"column":12}},{"start":{"line":56,"column":12},"end":{"line":56,"column":12}}]}}}}