{"contracts/ERC721NFTAuction.sol":{"l":{"74":60,"75":60,"76":60,"85":12,"105":24,"109":21,"113":18,"118":15,"126":15,"143":9,"147":6,"151":3,"156":3,"157":3,"173":36,"174":36,"178":33,"182":30,"187":27,"188":9,"196":18,"202":21,"207":18,"208":6,"210":12,"217":18,"218":6,"224":18,"225":18,"226":18,"235":9,"236":9,"240":6,"241":6,"247":6,"248":6,"249":6,"250":6,"261":60,"262":60,"265":60},"path":"/home/thangn/nft-contracts/contracts/ERC721NFTAuction.sol","s":{},"b":{"1":[60,0],"2":[60,0],"3":[21,3],"4":[18,3],"5":[6,3],"6":[3,3],"7":[33,3],"8":[30,3],"9":[27,3],"10":[9,18],"11":[6,3],"12":[15,3],"13":[18,3],"14":[6,12],"15":[6,12],"16":[6,3]},"f":{"1":60,"2":12,"3":24,"4":9,"5":36,"6":9,"7":60},"fnMap":{"1":{"name":"notContract","line":73,"loc":{"start":{"line":73,"column":4},"end":{"line":77,"column":4}}},"2":{"name":"constructor","line":84,"loc":{"start":{"line":79,"column":4},"end":{"line":86,"column":4}}},"3":{"name":"createAuction","line":104,"loc":{"start":{"line":97,"column":4},"end":{"line":135,"column":4}}},"4":{"name":"cancelAuction","line":142,"loc":{"start":{"line":142,"column":4},"end":{"line":158,"column":4}}},"5":{"name":"bid","line":172,"loc":{"start":{"line":167,"column":4},"end":{"line":227,"column":4}}},"6":{"name":"collect","line":234,"loc":{"start":{"line":234,"column":4},"end":{"line":258,"column":4}}},"7":{"name":"_isContract","line":260,"loc":{"start":{"line":260,"column":4},"end":{"line":266,"column":4}}}},"statementMap":{},"branchMap":{"1":{"line":74,"type":"if","locations":[{"start":{"line":74,"column":8},"end":{"line":74,"column":8}},{"start":{"line":74,"column":8},"end":{"line":74,"column":8}}]},"2":{"line":75,"type":"if","locations":[{"start":{"line":75,"column":8},"end":{"line":75,"column":8}},{"start":{"line":75,"column":8},"end":{"line":75,"column":8}}]},"3":{"line":105,"type":"if","locations":[{"start":{"line":105,"column":8},"end":{"line":105,"column":8}},{"start":{"line":105,"column":8},"end":{"line":105,"column":8}}]},"4":{"line":109,"type":"if","locations":[{"start":{"line":109,"column":8},"end":{"line":109,"column":8}},{"start":{"line":109,"column":8},"end":{"line":109,"column":8}}]},"5":{"line":143,"type":"if","locations":[{"start":{"line":143,"column":8},"end":{"line":143,"column":8}},{"start":{"line":143,"column":8},"end":{"line":143,"column":8}}]},"6":{"line":147,"type":"if","locations":[{"start":{"line":147,"column":8},"end":{"line":147,"column":8}},{"start":{"line":147,"column":8},"end":{"line":147,"column":8}}]},"7":{"line":174,"type":"if","locations":[{"start":{"line":174,"column":8},"end":{"line":174,"column":8}},{"start":{"line":174,"column":8},"end":{"line":174,"column":8}}]},"8":{"line":178,"type":"if","locations":[{"start":{"line":178,"column":8},"end":{"line":178,"column":8}},{"start":{"line":178,"column":8},"end":{"line":178,"column":8}}]},"9":{"line":182,"type":"if","locations":[{"start":{"line":182,"column":8},"end":{"line":182,"column":8}},{"start":{"line":182,"column":8},"end":{"line":182,"column":8}}]},"10":{"line":187,"type":"if","locations":[{"start":{"line":187,"column":8},"end":{"line":187,"column":8}},{"start":{"line":187,"column":8},"end":{"line":187,"column":8}}]},"11":{"line":188,"type":"if","locations":[{"start":{"line":188,"column":12},"end":{"line":188,"column":12}},{"start":{"line":188,"column":12},"end":{"line":188,"column":12}}]},"12":{"line":196,"type":"if","locations":[{"start":{"line":196,"column":12},"end":{"line":196,"column":12}},{"start":{"line":196,"column":12},"end":{"line":196,"column":12}}]},"13":{"line":202,"type":"if","locations":[{"start":{"line":202,"column":8},"end":{"line":202,"column":8}},{"start":{"line":202,"column":8},"end":{"line":202,"column":8}}]},"14":{"line":207,"type":"if","locations":[{"start":{"line":207,"column":8},"end":{"line":207,"column":8}},{"start":{"line":207,"column":8},"end":{"line":207,"column":8}}]},"15":{"line":217,"type":"if","locations":[{"start":{"line":217,"column":8},"end":{"line":217,"column":8}},{"start":{"line":217,"column":8},"end":{"line":217,"column":8}}]},"16":{"line":236,"type":"if","locations":[{"start":{"line":236,"column":8},"end":{"line":236,"column":8}},{"start":{"line":236,"column":8},"end":{"line":236,"column":8}}]}}},"contracts/Erc721NFTFeeDistributor.sol":{"l":{"24":42,"25":42,"26":42,"30":0,"34":0,"38":3,"39":0,"48":37,"49":37,"51":37,"52":37,"53":37,"54":37,"57":37,"58":0,"62":37,"63":37,"64":37,"65":37,"66":37,"67":6,"68":6,"69":0,"72":6,"73":6,"74":6,"76":37},"path":"/home/thangn/nft-contracts/contracts/Erc721NFTFeeDistributor.sol","s":{},"b":{"1":[0,3],"2":[37,0],"3":[0,37],"4":[0,6]},"f":{"1":42,"2":0,"3":0,"4":3,"5":37},"fnMap":{"1":{"name":"constructor","line":23,"loc":{"start":{"line":23,"column":4},"end":{"line":27,"column":4}}},"2":{"name":"setFeeProvider","line":29,"loc":{"start":{"line":29,"column":4},"end":{"line":31,"column":4}}},"3":{"name":"setProtocolFeeRecipient","line":33,"loc":{"start":{"line":33,"column":4},"end":{"line":35,"column":4}}},"4":{"name":"setProtocolFeePercent","line":37,"loc":{"start":{"line":37,"column":4},"end":{"line":40,"column":4}}},"5":{"name":"_distributeFees","line":42,"loc":{"start":{"line":42,"column":4},"end":{"line":77,"column":4}}}},"statementMap":{},"branchMap":{"1":{"line":38,"type":"if","locations":[{"start":{"line":38,"column":8},"end":{"line":38,"column":8}},{"start":{"line":38,"column":8},"end":{"line":38,"column":8}}]},"2":{"line":51,"type":"if","locations":[{"start":{"line":51,"column":8},"end":{"line":51,"column":8}},{"start":{"line":51,"column":8},"end":{"line":51,"column":8}}]},"3":{"line":57,"type":"if","locations":[{"start":{"line":57,"column":8},"end":{"line":57,"column":8}},{"start":{"line":57,"column":8},"end":{"line":57,"column":8}}]},"4":{"line":68,"type":"if","locations":[{"start":{"line":68,"column":12},"end":{"line":68,"column":12}},{"start":{"line":68,"column":12},"end":{"line":68,"column":12}}]}}},"contracts/ERC721NFTLaunchPad.sol":{"l":{"48":9,"49":9,"50":9,"51":9,"67":6,"83":71,"84":68,"85":62,"86":62,"87":62,"88":62,"89":62,"90":62,"94":68,"95":68,"96":68,"97":68,"101":65},"path":"/home/thangn/nft-contracts/contracts/ERC721NFTLaunchPad.sol","s":{},"b":{"1":[68,3],"2":[65,3],"3":[62,3]},"f":{"1":9,"2":6,"3":71,"4":68},"fnMap":{"1":{"name":"constructor","line":42,"loc":{"start":{"line":42,"column":4},"end":{"line":52,"column":4}}},"2":{"name":"addLaunch","line":66,"loc":{"start":{"line":61,"column":4},"end":{"line":76,"column":4}}},"3":{"name":"buy","line":82,"loc":{"start":{"line":82,"column":4},"end":{"line":91,"column":4}}},"4":{"name":"_checkLimit","line":93,"loc":{"start":{"line":93,"column":4},"end":{"line":102,"column":4}}}},"statementMap":{},"branchMap":{"1":{"line":83,"type":"if","locations":[{"start":{"line":83,"column":8},"end":{"line":83,"column":8}},{"start":{"line":83,"column":8},"end":{"line":83,"column":8}}]},"2":{"line":97,"type":"if","locations":[{"start":{"line":97,"column":8},"end":{"line":97,"column":8}},{"start":{"line":97,"column":8},"end":{"line":97,"column":8}}]},"3":{"line":101,"type":"if","locations":[{"start":{"line":101,"column":8},"end":{"line":101,"column":8}},{"start":{"line":101,"column":8},"end":{"line":101,"column":8}}]}}},"contracts/ERC721NFTMarket.sol":{"l":{"92":136,"93":136,"94":136,"103":30,"120":66,"121":63,"126":60,"131":60,"141":6,"145":3,"150":3,"151":3,"167":15,"169":12,"174":12,"183":28,"185":28,"186":25,"187":19,"188":19,"189":19,"190":19,"195":19,"196":19,"218":19,"219":16,"220":16,"238":24,"239":24,"240":21,"241":18,"242":18,"243":3,"245":15,"246":15,"249":12,"250":12,"251":12,"253":12,"254":12,"255":12,"272":21,"277":21,"286":36,"287":33,"289":3,"291":33,"295":33,"304":15,"305":15,"309":6,"313":9,"314":9,"315":6,"316":6,"317":6,"321":136,"322":136,"325":136},"path":"/home/thangn/nft-contracts/contracts/ERC721NFTMarket.sol","s":{},"b":{"1":[136,0],"2":[136,0],"3":[63,3],"4":[3,3],"5":[12,3],"6":[25,3],"7":[19,6],"8":[16,3],"9":[21,3],"10":[18,3],"11":[3,15],"12":[33,3],"13":[3,30],"14":[6,3]},"f":{"1":136,"2":30,"3":66,"4":6,"5":15,"6":28,"7":19,"8":24,"9":21,"10":36,"11":15,"12":6,"13":9,"14":136},"fnMap":{"1":{"name":"notContract","line":91,"loc":{"start":{"line":91,"column":4},"end":{"line":95,"column":4}}},"2":{"name":"constructor","line":102,"loc":{"start":{"line":97,"column":4},"end":{"line":104,"column":4}}},"3":{"name":"createAsk","line":118,"loc":{"start":{"line":113,"column":4},"end":{"line":132,"column":4}}},"4":{"name":"cancelAsk","line":139,"loc":{"start":{"line":139,"column":4},"end":{"line":152,"column":4}}},"5":{"name":"buy","line":166,"loc":{"start":{"line":161,"column":4},"end":{"line":175,"column":4}}},"6":{"name":"_buy","line":177,"loc":{"start":{"line":177,"column":4},"end":{"line":205,"column":4}}},"7":{"name":"buyUsingEth","line":216,"loc":{"start":{"line":212,"column":4},"end":{"line":221,"column":4}}},"8":{"name":"acceptBid","line":231,"loc":{"start":{"line":231,"column":4},"end":{"line":264,"column":4}}},"9":{"name":"createBid","line":271,"loc":{"start":{"line":266,"column":4},"end":{"line":278,"column":4}}},"10":{"name":"_createBid","line":280,"loc":{"start":{"line":280,"column":4},"end":{"line":296,"column":4}}},"11":{"name":"createBidUsingEth","line":302,"loc":{"start":{"line":298,"column":4},"end":{"line":306,"column":4}}},"12":{"name":"cancelBid","line":308,"loc":{"start":{"line":308,"column":4},"end":{"line":310,"column":4}}},"13":{"name":"_cancelBid","line":312,"loc":{"start":{"line":312,"column":4},"end":{"line":318,"column":4}}},"14":{"name":"_isContract","line":320,"loc":{"start":{"line":320,"column":4},"end":{"line":326,"column":4}}}},"statementMap":{},"branchMap":{"1":{"line":92,"type":"if","locations":[{"start":{"line":92,"column":8},"end":{"line":92,"column":8}},{"start":{"line":92,"column":8},"end":{"line":92,"column":8}}]},"2":{"line":93,"type":"if","locations":[{"start":{"line":93,"column":8},"end":{"line":93,"column":8}},{"start":{"line":93,"column":8},"end":{"line":93,"column":8}}]},"3":{"line":120,"type":"if","locations":[{"start":{"line":120,"column":8},"end":{"line":120,"column":8}},{"start":{"line":120,"column":8},"end":{"line":120,"column":8}}]},"4":{"line":141,"type":"if","locations":[{"start":{"line":141,"column":8},"end":{"line":141,"column":8}},{"start":{"line":141,"column":8},"end":{"line":141,"column":8}}]},"5":{"line":167,"type":"if","locations":[{"start":{"line":167,"column":8},"end":{"line":167,"column":8}},{"start":{"line":167,"column":8},"end":{"line":167,"column":8}}]},"6":{"line":185,"type":"if","locations":[{"start":{"line":185,"column":8},"end":{"line":185,"column":8}},{"start":{"line":185,"column":8},"end":{"line":185,"column":8}}]},"7":{"line":186,"type":"if","locations":[{"start":{"line":186,"column":8},"end":{"line":186,"column":8}},{"start":{"line":186,"column":8},"end":{"line":186,"column":8}}]},"8":{"line":218,"type":"if","locations":[{"start":{"line":218,"column":8},"end":{"line":218,"column":8}},{"start":{"line":218,"column":8},"end":{"line":218,"column":8}}]},"9":{"line":239,"type":"if","locations":[{"start":{"line":239,"column":8},"end":{"line":239,"column":8}},{"start":{"line":239,"column":8},"end":{"line":239,"column":8}}]},"10":{"line":240,"type":"if","locations":[{"start":{"line":240,"column":8},"end":{"line":240,"column":8}},{"start":{"line":240,"column":8},"end":{"line":240,"column":8}}]},"11":{"line":242,"type":"if","locations":[{"start":{"line":242,"column":8},"end":{"line":242,"column":8}},{"start":{"line":242,"column":8},"end":{"line":242,"column":8}}]},"12":{"line":286,"type":"if","locations":[{"start":{"line":286,"column":8},"end":{"line":286,"column":8}},{"start":{"line":286,"column":8},"end":{"line":286,"column":8}}]},"13":{"line":287,"type":"if","locations":[{"start":{"line":287,"column":8},"end":{"line":287,"column":8}},{"start":{"line":287,"column":8},"end":{"line":287,"column":8}}]},"14":{"line":314,"type":"if","locations":[{"start":{"line":314,"column":8},"end":{"line":314,"column":8}},{"start":{"line":314,"column":8},"end":{"line":314,"column":8}}]}}},"contracts/FeeProvider.sol":{"l":{"29":3,"30":3,"38":12,"39":12,"40":12,"41":12,"43":9,"44":9,"45":9,"53":40,"54":39,"56":1},"path":"/home/thangn/nft-contracts/contracts/FeeProvider.sol","s":{},"b":{"1":[9,3],"2":[9,0],"3":[39,1]},"f":{"1":3,"2":12,"3":40},"fnMap":{"1":{"name":"setProvider","line":28,"loc":{"start":{"line":28,"column":4},"end":{"line":31,"column":4}}},"2":{"name":"setRecipient","line":37,"loc":{"start":{"line":33,"column":4},"end":{"line":46,"column":4}}},"3":{"name":"getFees","line":48,"loc":{"start":{"line":48,"column":4},"end":{"line":57,"column":4}}}},"statementMap":{},"branchMap":{"1":{"line":41,"type":"if","locations":[{"start":{"line":41,"column":12},"end":{"line":41,"column":12}},{"start":{"line":41,"column":12},"end":{"line":41,"column":12}}]},"2":{"line":43,"type":"if","locations":[{"start":{"line":43,"column":8},"end":{"line":43,"column":8}},{"start":{"line":43,"column":8},"end":{"line":43,"column":8}}]},"3":{"line":53,"type":"if","locations":[{"start":{"line":53,"column":8},"end":{"line":53,"column":8}},{"start":{"line":53,"column":8},"end":{"line":53,"column":8}}]}}},"contracts/interfaces/IFeeProvider.sol":{"l":{},"path":"/home/thangn/nft-contracts/contracts/interfaces/IFeeProvider.sol","s":{},"b":{},"f":{},"fnMap":{},"statementMap":{},"branchMap":{}},"contracts/interfaces/IWETH.sol":{"l":{},"path":"/home/thangn/nft-contracts/contracts/interfaces/IWETH.sol","s":{},"b":{},"f":{},"fnMap":{},"statementMap":{},"branchMap":{}},"contracts/test/TestErc20.sol":{"l":{"12":105},"path":"/home/thangn/nft-contracts/contracts/test/TestErc20.sol","s":{},"b":{},"f":{"1":93,"2":105},"fnMap":{"1":{"name":"constructor","line":7,"loc":{"start":{"line":7,"column":2},"end":{"line":9,"column":2}}},"2":{"name":"mint","line":11,"loc":{"start":{"line":11,"column":2},"end":{"line":13,"column":2}}}},"statementMap":{},"branchMap":{}},"contracts/test/TestErc721.sol":{"l":{"11":42},"path":"/home/thangn/nft-contracts/contracts/test/TestErc721.sol","s":{},"b":{},"f":{"1":42,"2":42},"fnMap":{"1":{"name":"constructor","line":7,"loc":{"start":{"line":7,"column":4},"end":{"line":9,"column":2}}},"2":{"name":"mint","line":10,"loc":{"start":{"line":10,"column":4},"end":{"line":12,"column":4}}}},"statementMap":{},"branchMap":{}},"contracts/test/TestFeeProvider.sol":{"l":{"13":3,"14":3,"18":1},"path":"/home/thangn/nft-contracts/contracts/test/TestFeeProvider.sol","s":{},"b":{},"f":{"1":3,"2":1},"fnMap":{"1":{"name":"setRecipient","line":12,"loc":{"start":{"line":12,"column":4},"end":{"line":15,"column":4}}},"2":{"name":"getFees","line":17,"loc":{"start":{"line":17,"column":4},"end":{"line":19,"column":4}}}},"statementMap":{},"branchMap":{}},"contracts/test/TestLaunchPadMinter.sol":{"l":{"15":62,"16":62,"17":62},"path":"/home/thangn/nft-contracts/contracts/test/TestLaunchPadMinter.sol","s":{},"b":{},"f":{"1":9,"2":62},"fnMap":{"1":{"name":"constructor","line":11,"loc":{"start":{"line":11,"column":4},"end":{"line":13,"column":2}}},"2":{"name":"mint","line":14,"loc":{"start":{"line":14,"column":4},"end":{"line":18,"column":4}}}},"statementMap":{},"branchMap":{}},"contracts/test/TestStakePool.sol":{"l":{"7":68},"path":"/home/thangn/nft-contracts/contracts/test/TestStakePool.sol","s":{},"b":{},"f":{"1":68},"fnMap":{"1":{"name":"getUserCredit","line":6,"loc":{"start":{"line":6,"column":4},"end":{"line":8,"column":4}}}},"statementMap":{},"branchMap":{}},"contracts/test/TestWETH.sol":{"l":{"36":0,"39":37,"40":37,"43":0,"44":0,"45":0,"46":0,"50":0,"54":0,"55":0,"56":0,"60":41,"67":41,"69":41,"70":0,"71":0,"74":41,"75":41,"77":41,"79":41},"path":"/home/thangn/nft-contracts/contracts/test/TestWETH.sol","s":{},"b":{"1":[0,0],"2":[41,0],"3":[0,41],"4":[0,0]},"f":{"1":37,"2":0,"3":0,"4":0,"5":41,"6":41},"fnMap":{"1":{"name":"deposit","line":38,"loc":{"start":{"line":38,"column":4},"end":{"line":41,"column":4}}},"2":{"name":"withdraw","line":42,"loc":{"start":{"line":42,"column":4},"end":{"line":47,"column":4}}},"3":{"name":"totalSupply","line":49,"loc":{"start":{"line":49,"column":4},"end":{"line":51,"column":4}}},"4":{"name":"approve","line":53,"loc":{"start":{"line":53,"column":4},"end":{"line":57,"column":4}}},"5":{"name":"transfer","line":59,"loc":{"start":{"line":59,"column":4},"end":{"line":61,"column":4}}},"6":{"name":"transferFrom","line":63,"loc":{"start":{"line":63,"column":4},"end":{"line":80,"column":4}}}},"statementMap":{},"branchMap":{"1":{"line":43,"type":"if","locations":[{"start":{"line":43,"column":8},"end":{"line":43,"column":8}},{"start":{"line":43,"column":8},"end":{"line":43,"column":8}}]},"2":{"line":67,"type":"if","locations":[{"start":{"line":67,"column":8},"end":{"line":67,"column":8}},{"start":{"line":67,"column":8},"end":{"line":67,"column":8}}]},"3":{"line":69,"type":"if","locations":[{"start":{"line":69,"column":8},"end":{"line":69,"column":8}},{"start":{"line":69,"column":8},"end":{"line":69,"column":8}}]},"4":{"line":70,"type":"if","locations":[{"start":{"line":70,"column":12},"end":{"line":70,"column":12}},{"start":{"line":70,"column":12},"end":{"line":70,"column":12}}]}}}}